Error during login: 'bytes' object has no attribute 'encode'
Fehler bei der Anmeldung: 'bytes' object has no attribute 'encode'
Fehler bei der Anmeldung: 'bytes' object has no attribute 'encode'
Fehler bei der Anmeldung: 'bytes' object is not callable
Fehler bei der Anmeldung: 'bytes' object has no attribute 'encode'
Benutzer gefunden: test@test.com
Überprüfe Passwort für: test@test.com
Login erfolgreich, MFA erforderlich.
Benutzer gefunden: test@test.com
Überprüfe Passwort für: test@test.com
Benutzer gefunden: test@test.com
Überprüfe Passwort für: test@test.com
Login erfolgreich, MFA erforderlich.
Benutzer gefunden: test@test.com
Überprüfe Passwort für: test@test.com
Login erfolgreich, MFA erforderlich.
Benutzer gefunden: test@test.com
Überprüfe Passwort für: test@test.com
Login erfolgreich, MFA erforderlich.
Login erfolgreich, MFA erforderlich.
Benutzer gefunden: weigandt.bettina@gmail.com
Überprüfe Passwort für: weigandt.bettina@gmail.com
Login erfolgreich, MFA erforderlich.
Benutzer gefunden: weigandt.bettina@gmail.com
Überprüfe Passwort für: weigandt.bettina@gmail.com
Benutzer gefunden: weigandt.bettina@gmail.com
Überprüfe Passwort für: weigandt.bettina@gmail.com
Login erfolgreich, MFA erforderlich.
Benutzer gefunden: weigandt.bettina@gmail.com
Überprüfe Passwort für: weigandt.bettina@gmail.com
Login erfolgreich, MFA erforderlich.
Benutzer gefunden: weigandt.bettina@gmail.com
Überprüfe Passwort für: weigandt.bettina@gmail.com
Login erfolgreich, MFA erforderlich.
Login erfolgreich, MFA erforderlich.
Benutzer gefunden: weigandt.bettina@gmail.com
Überprüfe Passwort für: weigandt.bettina@gmail.com
Login erfolgreich, MFA erforderlich.
Benutzer gefunden: weigandt.bettina@gmail.com
Überprüfe Passwort für: weigandt.bettina@gmail.com
Login erfolgreich, MFA erforderlich.
Benutzer gefunden: weigandt.bettina@gmail.com
Überprüfe Passwort für: weigandt.bettina@gmail.com
Login erfolgreich, MFA erforderlich.
Benutzer gefunden: weigandt.bettina@gmail.com
Überprüfe Passwort für: weigandt.bettina@gmail.com
Login erfolgreich, MFA erforderlich.
Benutzer gefunden: weigandt.bettina@gmail.com
Überprüfe Passwort für: weigandt.bettina@gmail.com
Benutzer gefunden: weigandt.bettina@gmail.com
Überprüfe Passwort für: weigandt.bettina@gmail.com
Login erfolgreich, MFA erforderlich.
Benutzer gefunden: weigandt.bettina@gmail.com
Überprüfe Passwort für: weigandt.bettina@gmail.com
Login erfolgreich, MFA erforderlich.
Login erfolgreich, MFA erforderlich.
Benutzer gefunden: weigandt.bettina@gmail.com
Überprüfe Passwort für: weigandt.bettina@gmail.com
Login erfolgreich, MFA erforderlich.
Benutzer gefunden: test@test.com
Überprüfe Passwort für: test@test.com
Login erfolgreich, MFA erforderlich.
Benutzer gefunden: test@test.com
Überprüfe Passwort für: test@test.com
Benutzer gefunden: test@test.com
Überprüfe Passwort für: test@test.com
Login erfolgreich, MFA erforderlich.
Benutzer gefunden: test@test.com
Überprüfe Passwort für: test@test.com
Login erfolgreich, MFA erforderlich.
Benutzer gefunden: test@test.com
Überprüfe Passwort für: test@test.com
Login erfolgreich, MFA erforderlich.
Login erfolgreich, MFA erforderlich.
Benutzer gefunden: test@test.com
Überprüfe Passwort für: test@test.com
Login erfolgreich, MFA erforderlich.
Benutzer gefunden: test@test.com
Überprüfe Passwort für: test@test.com
Login erfolgreich, MFA erforderlich.
Benutzer gefunden: weigandt.bettina@gmail.com
Überprüfe Passwort für: weigandt.bettina@gmail.com
Login erfolgreich, MFA erforderlich.
Benutzer gefunden: weigandt.bettina@gmail.com
Überprüfe Passwort für: weigandt.bettina@gmail.com
Login erfolgreich, MFA erforderlich.
Benutzer gefunden: weigandt.bettina@gmail.com
Überprüfe Passwort für: weigandt.bettina@gmail.com
Login erfolgreich, MFA erforderlich.
Benutzer gefunden: weigandt.bettina@gmail.com
Überprüfe Passwort für: weigandt.bettina@gmail.com
Login erfolgreich, MFA erforderlich.
Benutzer gefunden: weigandt.bettina@gmail.com
Überprüfe Passwort für: weigandt.bettina@gmail.com
Login erfolgreich, MFA erforderlich.
Benutzer gefunden: weigandt.bettina@gmail.com
Überprüfe Passwort für: weigandt.bettina@gmail.com
Login erfolgreich, MFA erforderlich.
Benutzer gefunden: weigandt.bettina@gmail.com
Überprüfe Passwort für: weigandt.bettina@gmail.com
Login erfolgreich, MFA erforderlich.
Benutzer gefunden: weigandt.bettina@gmail.com
Überprüfe Passwort für: weigandt.bettina@gmail.com
Login erfolgreich, MFA erforderlich.
Benutzer gefunden: weigandt.bettina@gmail.com
Überprüfe Passwort für: weigandt.bettina@gmail.com
Login erfolgreich, MFA erforderlich.
Benutzer gefunden: weigandt.bettina@gmail.com
Überprüfe Passwort für: weigandt.bettina@gmail.com
Login erfolgreich, MFA erforderlich.
Benutzer gefunden: weigandt.bettina@gmail.com
Überprüfe Passwort für: weigandt.bettina@gmail.com
Login erfolgreich, MFA erforderlich.
Benutzer gefunden: weigandt.bettina@gmail.com
Überprüfe Passwort für: weigandt.bettina@gmail.com
Login erfolgreich, MFA erforderlich.
Benutzer gefunden: weigandt.bettina@gmail.com
Überprüfe Passwort für: weigandt.bettina@gmail.com
Login erfolgreich, MFA erforderlich.
Benutzer gefunden: weigandt.bettina@gmail.com
Überprüfe Passwort für: weigandt.bettina@gmail.com
Login erfolgreich, MFA erforderlich.
Benutzer gefunden: weigandt.bettina@gmail.com
Überprüfe Passwort für: weigandt.bettina@gmail.com
Login erfolgreich, MFA erforderlich.
Benutzer weigandt.bettina@gmail.com versucht sich einzuloggen. Secret vorhanden: True
Benutzer weigandt.bettina@gmail.com versucht sich einzuloggen. Secret vorhanden: True
Benutzer weigandt.bettina@gmail.com versucht sich einzuloggen. Secret vorhanden: True
Benutzer weigandt.bettina@gmail.com versucht sich einzuloggen. Secret vorhanden: True
Benutzer weigandt.bettina@gmail.com versucht sich einzuloggen. Secret vorhanden: True
Benutzer weigandt.bettina@gmail.com versucht sich einzuloggen. Secret vorhanden: True
Benutzer weigandt.bettina@gmail.com versucht sich einzuloggen. Secret vorhanden: True
Benutzer weigandt.bettina@gmail.com versucht sich einzuloggen. Secret vorhanden: True
Benutzer weigandt.bettina@gmail.com versucht sich einzuloggen. Secret vorhanden: True
Benutzer weigandt.bettina@gmail.com versucht sich einzuloggen. Secret vorhanden: True
Benutzer weigandt.bettina@gmail.com versucht sich einzuloggen. Secret vorhanden: True
Benutzer weigandt.bettina@gmail.com versucht sich einzuloggen. Secret vorhanden: True
Benutzer weigandt.bettina@gmail.com versucht sich einzuloggen. Secret vorhanden: True
Benutzer weigandt.bettina@gmail.com versucht sich einzuloggen. Secret vorhanden: True
Benutzer weigandt.bettina@gmail.com versucht sich einzuloggen. Secret vorhanden: True
Benutzer mit der E-Mail None wurde nicht gefunden!
Benutzer mit der E-Mail None wurde nicht gefunden!
Benutzer mit der E-Mail None wurde nicht gefunden!
Benutzer mit der E-Mail None wurde nicht gefunden!
2025-01-24 13:09:36,605 - INFO - Starte die Flask-App...
2025-01-24 13:10:04,588 - INFO - Starte die Flask-App...
2025-01-24 13:14:34,117 - INFO - Starte die Flask-App...
2025-01-24 13:15:15,852 - INFO - Starte die Flask-App...
2025-01-24 13:19:03,380 - INFO - Starte die Flask-App...
2025-01-24 13:19:41,516 - INFO - Starte die Flask-App...
2025-01-24 14:39:50,850 - DEBUG - Benutzer weigandt.bettina@gmail.com versucht sich einzuloggen. Secret vorhanden: True
Benutzer weigandt.bettina@gmail.com versucht sich einzuloggen. Secret vorhanden: True
Benutzer weigandt.bettina@gmail.com versucht sich einzuloggen. Secret vorhanden: True
Benutzer weigandt.bettina@gmail.com versucht sich einzuloggen. Secret vorhanden: True
Benutzer weigandt.bettina@gmail.com versucht sich einzuloggen. Secret vorhanden: True
Benutzer weigandt.bettina@gmail.com versucht sich einzuloggen. Secret vorhanden: True
Benutzer weigandt.bettina@gmail.com versucht sich einzuloggen. Secret vorhanden: True
Benutzer weigandt.bettina@gmail.com versucht sich einzuloggen. Secret vorhanden: True
Benutzer weigandt.bettina@gmail.com versucht sich einzuloggen. Secret vorhanden: True
Benutzer weigandt.bettina@gmail.com versucht sich einzuloggen. Secret vorhanden: True
Benutzer weigandt.bettina@gmail.com versucht sich einzuloggen. Secret vorhanden: True
Benutzer weigandt.bettina@gmail.com versucht sich einzuloggen. Secret vorhanden: True
Benutzer weigandt.bettina@gmail.com versucht sich einzuloggen. Secret vorhanden: True
